Traceback (most recent call last):
  File "/Users/aet/mambaforge/envs/codeforecon/lib/python3.10/site-packages/jupyter_cache/executors/utils.py", line 58, in single_nb_execution
    executenb(
  File "/Users/aet/mambaforge/envs/codeforecon/lib/python3.10/site-packages/nbclient/client.py", line 1305, in execute
    return NotebookClient(nb=nb, resources=resources, km=km, **kwargs).execute()
  File "/Users/aet/mambaforge/envs/codeforecon/lib/python3.10/site-packages/jupyter_core/utils/__init__.py", line 162, in wrapped
    return loop.run_until_complete(inner)
  File "/Users/aet/mambaforge/envs/codeforecon/lib/python3.10/asyncio/base_events.py", line 649, in run_until_complete
    return future.result()
  File "/Users/aet/mambaforge/envs/codeforecon/lib/python3.10/site-packages/nbclient/client.py", line 705, in async_execute
    await self.async_execute_cell(
  File "/Users/aet/mambaforge/envs/codeforecon/lib/python3.10/site-packages/nbclient/client.py", line 1058, in async_execute_cell
    await self._check_raise_for_error(cell, cell_index, exec_reply)
  File "/Users/aet/mambaforge/envs/codeforecon/lib/python3.10/site-packages/nbclient/client.py", line 914, in _check_raise_for_error
    raise CellExecutionError.from_cell_and_msg(cell, exec_reply_content)
nbclient.exceptions.CellExecutionError: An error occurred while executing the following cell:
------------------
import craft_diss_pyramid as craft

craft.plot_pyramid()
------------------


[0;31m---------------------------------------------------------------------------[0m
[0;31mTypeError[0m                                 Traceback (most recent call last)
Cell [0;32mIn[1], line 3[0m
[1;32m      1[0m [38;5;28;01mimport[39;00m [38;5;21;01mcraft_diss_pyramid[39;00m [38;5;28;01mas[39;00m [38;5;21;01mcraft[39;00m
[0;32m----> 3[0m [43mcraft[49m[38;5;241;43m.[39;49m[43mplot_pyramid[49m[43m([49m[43m)[49m

File [0;32m~/Documents/git_projects/coding-for-economists/craft_diss_pyramid.py:37[0m, in [0;36mplot_pyramid[0;34m()[0m
[1;32m     35[0m fig, ax [38;5;241m=[39m plt[38;5;241m.[39msubplots(figsize[38;5;241m=[39m([38;5;241m8[39m, [38;5;241m3[39m), dpi[38;5;241m=[39m[38;5;241m200[39m)
[1;32m     36[0m [38;5;66;03m# add a Polygon[39;00m
[0;32m---> 37[0m diss [38;5;241m=[39m [43mmpatches[49m[38;5;241;43m.[39;49m[43mRegularPolygon[49m[43m([49m
[1;32m     38[0m [43m    [49m[43m[[49m[43mstart_x[49m[43m,[49m[43m [49m[43mstart_y[49m[43m][49m[43m,[49m[43m [49m[38;5;241;43m3[39;49m[43m,[49m[43m [49m[43mheight[49m[43m,[49m[43m [49m[43malpha[49m[38;5;241;43m=[39;49m[38;5;241;43m0.4[39;49m[43m,[49m[43m [49m[43morientation[49m[38;5;241;43m=[39;49m[43mnp[49m[38;5;241;43m.[39;49m[43mpi[49m
[1;32m     39[0m [43m[49m[43m)[49m
[1;32m     40[0m base_blog_triangle [38;5;241m=[39m [38;5;241m4[39m [38;5;241m*[39m start_x [38;5;241m+[39m delta_blog
[1;32m     41[0m blog [38;5;241m=[39m mpatches[38;5;241m.[39mRegularPolygon(
[1;32m     42[0m     [base_blog_triangle, start_y], [38;5;241m3[39m, height, alpha[38;5;241m=[39m[38;5;241m0.4[39m, orientation[38;5;241m=[39mnp[38;5;241m.[39mpi
[1;32m     43[0m )

[0;31mTypeError[0m: RegularPolygon.__init__() takes 3 positional arguments but 4 positional arguments (and 1 keyword-only argument) were given

