Traceback (most recent call last):
  File "/Users/aet/mambaforge/envs/codeforecon/lib/python3.10/site-packages/jupyter_cache/executors/utils.py", line 58, in single_nb_execution
    executenb(
  File "/Users/aet/mambaforge/envs/codeforecon/lib/python3.10/site-packages/nbclient/client.py", line 1305, in execute
    return NotebookClient(nb=nb, resources=resources, km=km, **kwargs).execute()
  File "/Users/aet/mambaforge/envs/codeforecon/lib/python3.10/site-packages/jupyter_core/utils/__init__.py", line 166, in wrapped
    return loop.run_until_complete(inner)
  File "/Users/aet/mambaforge/envs/codeforecon/lib/python3.10/asyncio/base_events.py", line 649, in run_until_complete
    return future.result()
  File "/Users/aet/mambaforge/envs/codeforecon/lib/python3.10/site-packages/nbclient/client.py", line 705, in async_execute
    await self.async_execute_cell(
  File "/Users/aet/mambaforge/envs/codeforecon/lib/python3.10/site-packages/nbclient/client.py", line 1058, in async_execute_cell
    await self._check_raise_for_error(cell, cell_index, exec_reply)
  File "/Users/aet/mambaforge/envs/codeforecon/lib/python3.10/site-packages/nbclient/client.py", line 914, in _check_raise_for_error
    raise CellExecutionError.from_cell_and_msg(cell, exec_reply_content)
nbclient.exceptions.CellExecutionError: An error occurred while executing the following cell:
------------------
from typing import Optional

from sqlmodel import Field, Session, SQLModel, create_engine


class Hero(SQLModel, table=True):
    id: Optional[int] = Field(default=None, primary_key=True)
    name: str
    secret_name: str
    age: Optional[int] = None
------------------


[0;31m---------------------------------------------------------------------------[0m
[0;31mImportError[0m                               Traceback (most recent call last)
Cell [0;32mIn[18], line 3[0m
[1;32m      1[0m [38;5;28;01mfrom[39;00m [38;5;21;01mtyping[39;00m [38;5;28;01mimport[39;00m Optional
[0;32m----> 3[0m [38;5;28;01mfrom[39;00m [38;5;21;01msqlmodel[39;00m [38;5;28;01mimport[39;00m Field, Session, SQLModel, create_engine
[1;32m      6[0m [38;5;28;01mclass[39;00m [38;5;21;01mHero[39;00m(SQLModel, table[38;5;241m=[39m[38;5;28;01mTrue[39;00m):
[1;32m      7[0m     [38;5;28mid[39m: Optional[[38;5;28mint[39m] [38;5;241m=[39m Field(default[38;5;241m=[39m[38;5;28;01mNone[39;00m, primary_key[38;5;241m=[39m[38;5;28;01mTrue[39;00m)

File [0;32m~/mambaforge/envs/codeforecon/lib/python3.10/site-packages/sqlmodel/__init__.py:24[0m
[1;32m     22[0m [38;5;28;01mfrom[39;00m [38;5;21;01msqlalchemy[39;00m[38;5;21;01m.[39;00m[38;5;21;01mschema[39;00m [38;5;28;01mimport[39;00m Sequence [38;5;28;01mas[39;00m Sequence
[1;32m     23[0m [38;5;28;01mfrom[39;00m [38;5;21;01msqlalchemy[39;00m[38;5;21;01m.[39;00m[38;5;21;01mschema[39;00m [38;5;28;01mimport[39;00m Table [38;5;28;01mas[39;00m Table
[0;32m---> 24[0m [38;5;28;01mfrom[39;00m [38;5;21;01msqlalchemy[39;00m[38;5;21;01m.[39;00m[38;5;21;01mschema[39;00m [38;5;28;01mimport[39;00m ThreadLocalMetaData [38;5;28;01mas[39;00m ThreadLocalMetaData
[1;32m     25[0m [38;5;28;01mfrom[39;00m [38;5;21;01msqlalchemy[39;00m[38;5;21;01m.[39;00m[38;5;21;01mschema[39;00m [38;5;28;01mimport[39;00m UniqueConstraint [38;5;28;01mas[39;00m UniqueConstraint
[1;32m     26[0m [38;5;28;01mfrom[39;00m [38;5;21;01msqlalchemy[39;00m[38;5;21;01m.[39;00m[38;5;21;01msql[39;00m [38;5;28;01mimport[39;00m alias [38;5;28;01mas[39;00m alias

[0;31mImportError[0m: cannot import name 'ThreadLocalMetaData' from 'sqlalchemy.schema' (/Users/aet/mambaforge/envs/codeforecon/lib/python3.10/site-packages/sqlalchemy/schema.py)

