Traceback (most recent call last):
  File "/Users/aet/mambaforge/envs/codeforecon/lib/python3.10/site-packages/jupyter_cache/executors/utils.py", line 58, in single_nb_execution
    executenb(
  File "/Users/aet/mambaforge/envs/codeforecon/lib/python3.10/site-packages/nbclient/client.py", line 1305, in execute
    return NotebookClient(nb=nb, resources=resources, km=km, **kwargs).execute()
  File "/Users/aet/mambaforge/envs/codeforecon/lib/python3.10/site-packages/jupyter_core/utils/__init__.py", line 166, in wrapped
    return loop.run_until_complete(inner)
  File "/Users/aet/mambaforge/envs/codeforecon/lib/python3.10/asyncio/base_events.py", line 649, in run_until_complete
    return future.result()
  File "/Users/aet/mambaforge/envs/codeforecon/lib/python3.10/site-packages/nbclient/client.py", line 705, in async_execute
    await self.async_execute_cell(
  File "/Users/aet/mambaforge/envs/codeforecon/lib/python3.10/site-packages/nbclient/client.py", line 1058, in async_execute_cell
    await self._check_raise_for_error(cell, cell_index, exec_reply)
  File "/Users/aet/mambaforge/envs/codeforecon/lib/python3.10/site-packages/nbclient/client.py", line 914, in _check_raise_for_error
    raise CellExecutionError.from_cell_and_msg(cell, exec_reply_content)
nbclient.exceptions.CellExecutionError: An error occurred while executing the following cell:
------------------
import pandera as pa

# data to validate
df = pd.DataFrame(
    {
        "column1": [1, 4, 0, 10, 9],
        "column2": [-1.3, -1.4, -2.9, -10.1, -20.4],
        "column3": ["value_1", "value_2", "value_3", "value_2", "value_1"],
    }
)

df
------------------


[0;31m---------------------------------------------------------------------------[0m
[0;31mTypeError[0m                                 Traceback (most recent call last)
Cell [0;32mIn[3], line 1[0m
[0;32m----> 1[0m [38;5;28;01mimport[39;00m [38;5;21;01mpandera[39;00m [38;5;28;01mas[39;00m [38;5;21;01mpa[39;00m
[1;32m      3[0m [38;5;66;03m# data to validate[39;00m
[1;32m      4[0m df [38;5;241m=[39m pd[38;5;241m.[39mDataFrame(
[1;32m      5[0m     {
[1;32m      6[0m         [38;5;124m"[39m[38;5;124mcolumn1[39m[38;5;124m"[39m: [[38;5;241m1[39m, [38;5;241m4[39m, [38;5;241m0[39m, [38;5;241m10[39m, [38;5;241m9[39m],
[0;32m   (...)[0m
[1;32m      9[0m     }
[1;32m     10[0m )

File [0;32m~/mambaforge/envs/codeforecon/lib/python3.10/site-packages/pandera/__init__.py:4[0m
[1;32m      1[0m [38;5;124;03m"""A flexible and expressive pandas validation library."""[39;00m
[1;32m      2[0m [38;5;28;01mimport[39;00m [38;5;21;01mplatform[39;00m
[0;32m----> 4[0m [38;5;28;01mimport[39;00m [38;5;21;01mpandera[39;00m[38;5;21;01m.[39;00m[38;5;21;01mbackends[39;00m
[1;32m      5[0m [38;5;28;01mfrom[39;00m [38;5;21;01mpandera[39;00m [38;5;28;01mimport[39;00m errors, external_config, typing
[1;32m      6[0m [38;5;28;01mfrom[39;00m [38;5;21;01mpandera[39;00m[38;5;21;01m.[39;00m[38;5;21;01maccessors[39;00m [38;5;28;01mimport[39;00m pandas_accessor

File [0;32m~/mambaforge/envs/codeforecon/lib/python3.10/site-packages/pandera/backends/__init__.py:6[0m
[1;32m      4[0m [38;5;28;01mimport[39;00m [38;5;21;01mpandera[39;00m[38;5;21;01m.[39;00m[38;5;21;01mbackends[39;00m[38;5;21;01m.[39;00m[38;5;21;01mbase[39;00m[38;5;21;01m.[39;00m[38;5;21;01mbuiltin_checks[39;00m
[1;32m      5[0m [38;5;28;01mimport[39;00m [38;5;21;01mpandera[39;00m[38;5;21;01m.[39;00m[38;5;21;01mbackends[39;00m[38;5;21;01m.[39;00m[38;5;21;01mbase[39;00m[38;5;21;01m.[39;00m[38;5;21;01mbuiltin_hypotheses[39;00m
[0;32m----> 6[0m [38;5;28;01mimport[39;00m [38;5;21;01mpandera[39;00m[38;5;21;01m.[39;00m[38;5;21;01mbackends[39;00m[38;5;21;01m.[39;00m[38;5;21;01mpandas[39;00m

File [0;32m~/mambaforge/envs/codeforecon/lib/python3.10/site-packages/pandera/backends/pandas/__init__.py:12[0m
[1;32m      9[0m [38;5;28;01mfrom[39;00m [38;5;21;01mpandera[39;00m[38;5;21;01m.[39;00m[38;5;21;01mapi[39;00m[38;5;21;01m.[39;00m[38;5;21;01mpandas[39;00m[38;5;21;01m.[39;00m[38;5;21;01mcontainer[39;00m [38;5;28;01mimport[39;00m DataFrameSchema
[1;32m     10[0m [38;5;28;01mfrom[39;00m [38;5;21;01mpandera[39;00m[38;5;21;01m.[39;00m[38;5;21;01mapi[39;00m[38;5;21;01m.[39;00m[38;5;21;01mpandas[39;00m[38;5;21;01m.[39;00m[38;5;21;01mcomponents[39;00m [38;5;28;01mimport[39;00m Column, Index, MultiIndex
[0;32m---> 12[0m [38;5;28;01mfrom[39;00m [38;5;21;01mpandera[39;00m[38;5;21;01m.[39;00m[38;5;21;01mbackends[39;00m[38;5;21;01m.[39;00m[38;5;21;01mpandas[39;00m [38;5;28;01mimport[39;00m builtin_checks, builtin_hypotheses
[1;32m     13[0m [38;5;28;01mfrom[39;00m [38;5;21;01mpandera[39;00m[38;5;21;01m.[39;00m[38;5;21;01mbackends[39;00m[38;5;21;01m.[39;00m[38;5;21;01mpandas[39;00m[38;5;21;01m.[39;00m[38;5;21;01mchecks[39;00m [38;5;28;01mimport[39;00m PandasCheckBackend
[1;32m     14[0m [38;5;28;01mfrom[39;00m [38;5;21;01mpandera[39;00m[38;5;21;01m.[39;00m[38;5;21;01mbackends[39;00m[38;5;21;01m.[39;00m[38;5;21;01mpandas[39;00m[38;5;21;01m.[39;00m[38;5;21;01mhypotheses[39;00m [38;5;28;01mimport[39;00m PandasHypothesisBackend

File [0;32m~/mambaforge/envs/codeforecon/lib/python3.10/site-packages/pandera/backends/pandas/builtin_hypotheses.py:14[0m
[1;32m      6[0m [38;5;28;01mfrom[39;00m [38;5;21;01mpandera[39;00m[38;5;21;01m.[39;00m[38;5;21;01mapi[39;00m[38;5;21;01m.[39;00m[38;5;21;01mextensions[39;00m [38;5;28;01mimport[39;00m register_builtin_hypothesis
[1;32m      7[0m [38;5;28;01mfrom[39;00m [38;5;21;01mpandera[39;00m[38;5;21;01m.[39;00m[38;5;21;01mbackends[39;00m[38;5;21;01m.[39;00m[38;5;21;01mpandas[39;00m[38;5;21;01m.[39;00m[38;5;21;01mbuiltin_checks[39;00m [38;5;28;01mimport[39;00m PandasData
[1;32m     10[0m [38;5;129;43m@register_builtin_hypothesis[39;49m[43m([49m
[1;32m     11[0m [43m    [49m[43merror[49m[38;5;241;43m=[39;49m[38;5;124;43m"[39;49m[38;5;124;43mfailed two sample ttest between [39;49m[38;5;124;43m'[39;49m[38;5;132;43;01m{sample1}[39;49;00m[38;5;124;43m'[39;49m[38;5;124;43m and [39;49m[38;5;124;43m'[39;49m[38;5;132;43;01m{sample2}[39;49;00m[38;5;124;43m'[39;49m[38;5;124;43m"[39;49m[43m,[49m
[1;32m     12[0m [43m    [49m[43msamples_kwtypes[49m[38;5;241;43m=[39;49m[43m{[49m[38;5;124;43m"[39;49m[38;5;124;43msample1[39;49m[38;5;124;43m"[39;49m[43m:[49m[43m [49m[38;5;28;43mstr[39;49m[43m,[49m[43m [49m[38;5;124;43m"[39;49m[38;5;124;43msample2[39;49m[38;5;124;43m"[39;49m[43m:[49m[43m [49m[38;5;28;43mstr[39;49m[43m}[49m[43m,[49m
[1;32m     13[0m [43m)[49m
[0;32m---> 14[0m [38;5;28;43;01mdef[39;49;00m[43m [49m[38;5;21;43mtwo_sample_ttest[39;49m[43m([49m
[1;32m     15[0m [43m    [49m[38;5;241;43m*[39;49m[43msamples[49m[43m:[49m[43m [49m[43mTuple[49m[43m[[49m[43mPandasData[49m[43m,[49m[43m [49m[38;5;241;43m.[39;49m[38;5;241;43m.[39;49m[38;5;241;43m.[39;49m[43m][49m[43m,[49m
[1;32m     16[0m [43m    [49m[43mequal_var[49m[43m:[49m[43m [49m[38;5;28;43mbool[39;49m[43m [49m[38;5;241;43m=[39;49m[43m [49m[38;5;28;43;01mTrue[39;49;00m[43m,[49m
[1;32m     17[0m [43m    [49m[43mnan_policy[49m[43m:[49m[43m [49m[38;5;28;43mstr[39;49m[43m [49m[38;5;241;43m=[39;49m[43m [49m[38;5;124;43m"[39;49m[38;5;124;43mpropagate[39;49m[38;5;124;43m"[39;49m[43m,[49m
[1;32m     18[0m [43m)[49m[43m [49m[38;5;241;43m-[39;49m[38;5;241;43m>[39;49m[43m [49m[43mTuple[49m[43m[[49m[38;5;28;43mfloat[39;49m[43m,[49m[43m [49m[38;5;28;43mfloat[39;49m[43m][49m[43m:[49m
[1;32m     19[0m [43m    [49m[38;5;28;43;01mfrom[39;49;00m[43m [49m[38;5;21;43;01mscipy[39;49;00m[43m [49m[38;5;28;43;01mimport[39;49;00m[43m [49m[43mstats[49m[43m  [49m[38;5;66;43;03m# pylint: disable=import-outside-toplevel[39;49;00m
[1;32m     21[0m [43m    [49m[38;5;28;43;01massert[39;49;00m[43m [49m[43m([49m
[1;32m     22[0m [43m        [49m[38;5;28;43mlen[39;49m[43m([49m[43msamples[49m[43m)[49m[43m [49m[38;5;241;43m==[39;49m[43m [49m[38;5;241;43m2[39;49m
[1;32m     23[0m [43m    [49m[43m)[49m[43m,[49m[43m [49m[38;5;124;43m"[39;49m[38;5;124;43mExpected two sample ttest data to contain exactly two samples[39;49m[38;5;124;43m"[39;49m

File [0;32m~/mambaforge/envs/codeforecon/lib/python3.10/site-packages/pandera/api/extensions.py:88[0m, in [0;36mregister_builtin_check[0;34m(fn, strategy, _check_cls, **outer_kwargs)[0m
[1;32m     78[0m [38;5;28;01mif[39;00m check_fn [38;5;129;01mis[39;00m [38;5;28;01mNone[39;00m:  [38;5;66;03m# pragma: no cover[39;00m
[1;32m     79[0m     [38;5;28;01mraise[39;00m BuiltinCheckRegistrationError(
[1;32m     80[0m         [38;5;124mf[39m[38;5;124m"[39m[38;5;124mCheck [39m[38;5;124m'[39m[38;5;132;01m{[39;00mname[38;5;132;01m}[39;00m[38;5;124m'[39m[38;5;124m doesn[39m[38;5;124m'[39m[38;5;124mt have a base check implementation. [39m[38;5;124m"[39m
[1;32m     81[0m         [38;5;124mf[39m[38;5;124m"[39m[38;5;124mYou need to create a stub method in the [39m[38;5;132;01m{[39;00m_check_cls[38;5;132;01m}[39;00m[38;5;124m class and [39m[38;5;124m"[39m
[0;32m   (...)[0m
[1;32m     85[0m         [38;5;124m"[39m[38;5;124m`pandera.backends.pandas.builtin_checks` modules as an example.[39m[38;5;124m"[39m
[1;32m     86[0m     )
[0;32m---> 88[0m [43mcheck_fn[49m[38;5;241;43m.[39;49m[43mregister[49m[43m([49m[43mfn[49m[43m)[49m  [38;5;66;03m# type: ignore[39;00m
[1;32m     90[0m [38;5;28;01mreturn[39;00m fn

File [0;32m~/mambaforge/envs/codeforecon/lib/python3.10/site-packages/multimethod/__init__.py:131[0m, in [0;36mmultimethod.register[0;34m(self, *args)[0m
[1;32m    126[0m [38;5;250m[39m[38;5;124;03m"""Decorator for registering a function.[39;00m
[1;32m    127[0m 
[1;32m    128[0m [38;5;124;03mOptionally call with types to return a decorator for unannotated functions.[39;00m
[1;32m    129[0m [38;5;124;03m"""[39;00m
[1;32m    130[0m [38;5;28;01mif[39;00m [38;5;28mlen[39m(args) [38;5;241m==[39m [38;5;241m1[39m [38;5;129;01mand[39;00m [38;5;28mhasattr[39m(args[[38;5;241m0[39m], [38;5;124m'[39m[38;5;124m__annotations__[39m[38;5;124m'[39m):
[0;32m--> 131[0m     [38;5;28;01mreturn[39;00m [43moverload[49m[38;5;241;43m.[39;49m[43mregister[49m[43m([49m[38;5;28;43mself[39;49m[43m,[49m[43m [49m[38;5;241;43m*[39;49m[43margs[49m[43m)[49m
[1;32m    132[0m [38;5;28;01mreturn[39;00m [38;5;28;01mlambda[39;00m func: [38;5;28mself[39m[38;5;241m.[39m[38;5;21m__setitem__[39m(args, func) [38;5;129;01mor[39;00m func

File [0;32m~/mambaforge/envs/codeforecon/lib/python3.10/site-packages/multimethod/__init__.py:276[0m, in [0;36moverload.register[0;34m(self, func)[0m
[1;32m    274[0m [38;5;28;01mdef[39;00m [38;5;21mregister[39m([38;5;28mself[39m, func: Callable) [38;5;241m-[39m[38;5;241m>[39m Callable:
[1;32m    275[0m [38;5;250m    [39m[38;5;124;03m"""Decorator for registering a function."""[39;00m
[0;32m--> 276[0m     [38;5;28;43mself[39;49m[38;5;241;43m.[39;49m[38;5;21;43m__init__[39;49m[43m([49m[43mfunc[49m[43m)[49m  [38;5;66;03m# type: ignore[39;00m
[1;32m    277[0m     [38;5;28;01mreturn[39;00m [38;5;28mself[39m [38;5;28;01mif[39;00m [38;5;28mself[39m[38;5;241m.[39m[38;5;18m__name__[39m [38;5;241m==[39m func[38;5;241m.[39m[38;5;18m__name__[39m [38;5;28;01melse[39;00m func

File [0;32m~/mambaforge/envs/codeforecon/lib/python3.10/site-packages/multimethod/__init__.py:121[0m, in [0;36mmultimethod.__init__[0;34m(self, func)[0m
[1;32m    119[0m [38;5;28;01mdef[39;00m [38;5;21m__init__[39m([38;5;28mself[39m, func: Callable):
[1;32m    120[0m     [38;5;28;01mtry[39;00m:
[0;32m--> 121[0m         [38;5;28;43mself[39;49m[43m[[49m[43mget_types[49m[43m([49m[43mfunc[49m[43m)[49m[43m][49m [38;5;241m=[39m func
[1;32m    122[0m     [38;5;28;01mexcept[39;00m [38;5;167;01mNameError[39;00m:
[1;32m    123[0m         [38;5;28mself[39m[38;5;241m.[39mpending[38;5;241m.[39madd(func)

File [0;32m~/mambaforge/envs/codeforecon/lib/python3.10/site-packages/multimethod/__init__.py:151[0m, in [0;36mmultimethod.__setitem__[0;34m(self, types, func)[0m
[1;32m    149[0m [38;5;28mself[39m[38;5;241m.[39mclean()
[1;32m    150[0m types [38;5;241m=[39m signature(types)
[0;32m--> 151[0m parents [38;5;241m=[39m types[38;5;241m.[39mparents [38;5;241m=[39m [38;5;28;43mself[39;49m[38;5;241;43m.[39;49m[43mparents[49m[43m([49m[43mtypes[49m[43m)[49m
[1;32m    152[0m [38;5;28;01mfor[39;00m key [38;5;129;01min[39;00m [38;5;28mself[39m:
[1;32m    153[0m     [38;5;28;01mif[39;00m types [38;5;241m<[39m key [38;5;129;01mand[39;00m ([38;5;129;01mnot[39;00m parents [38;5;129;01mor[39;00m parents [38;5;241m&[39m key[38;5;241m.[39mparents):

File [0;32m~/mambaforge/envs/codeforecon/lib/python3.10/site-packages/multimethod/__init__.py:139[0m, in [0;36mmultimethod.parents[0;34m(self, types)[0m
[1;32m    137[0m [38;5;28;01mdef[39;00m [38;5;21mparents[39m([38;5;28mself[39m, types: [38;5;28mtuple[39m) [38;5;241m-[39m[38;5;241m>[39m [38;5;28mset[39m:
[1;32m    138[0m [38;5;250m    [39m[38;5;124;03m"""Find immediate parents of potential key."""[39;00m
[0;32m--> 139[0m     parents [38;5;241m=[39m {key [38;5;28;01mfor[39;00m key [38;5;129;01min[39;00m [38;5;28mself[39m [38;5;28;01mif[39;00m [38;5;28misinstance[39m(key, signature) [38;5;129;01mand[39;00m key [38;5;241m<[39m types}
[1;32m    140[0m     [38;5;28;01mreturn[39;00m parents [38;5;241m-[39m {ancestor [38;5;28;01mfor[39;00m parent [38;5;129;01min[39;00m parents [38;5;28;01mfor[39;00m ancestor [38;5;129;01min[39;00m parent[38;5;241m.[39mparents}

File [0;32m~/mambaforge/envs/codeforecon/lib/python3.10/site-packages/multimethod/__init__.py:139[0m, in [0;36m<setcomp>[0;34m(.0)[0m
[1;32m    137[0m [38;5;28;01mdef[39;00m [38;5;21mparents[39m([38;5;28mself[39m, types: [38;5;28mtuple[39m) [38;5;241m-[39m[38;5;241m>[39m [38;5;28mset[39m:
[1;32m    138[0m [38;5;250m    [39m[38;5;124;03m"""Find immediate parents of potential key."""[39;00m
[0;32m--> 139[0m     parents [38;5;241m=[39m {key [38;5;28;01mfor[39;00m key [38;5;129;01min[39;00m [38;5;28mself[39m [38;5;28;01mif[39;00m [38;5;28misinstance[39m(key, signature) [38;5;129;01mand[39;00m [43mkey[49m[43m [49m[38;5;241;43m<[39;49m[43m [49m[43mtypes[49m}
[1;32m    140[0m     [38;5;28;01mreturn[39;00m parents [38;5;241m-[39m {ancestor [38;5;28;01mfor[39;00m parent [38;5;129;01min[39;00m parents [38;5;28;01mfor[39;00m ancestor [38;5;129;01min[39;00m parent[38;5;241m.[39mparents}

File [0;32m~/mambaforge/envs/codeforecon/lib/python3.10/site-packages/multimethod/__init__.py:99[0m, in [0;36msignature.__lt__[0;34m(self, other)[0m
[1;32m     98[0m [38;5;28;01mdef[39;00m [38;5;21m__lt__[39m([38;5;28mself[39m, other) [38;5;241m-[39m[38;5;241m>[39m [38;5;28mbool[39m:
[0;32m---> 99[0m     [38;5;28;01mreturn[39;00m [38;5;28mself[39m [38;5;241m!=[39m other [38;5;129;01mand[39;00m [38;5;28;43mself[39;49m[43m [49m[38;5;241;43m<[39;49m[38;5;241;43m=[39;49m[43m [49m[43mother[49m

File [0;32m~/mambaforge/envs/codeforecon/lib/python3.10/site-packages/multimethod/__init__.py:96[0m, in [0;36msignature.__le__[0;34m(self, other)[0m
[1;32m     95[0m [38;5;28;01mdef[39;00m [38;5;21m__le__[39m([38;5;28mself[39m, other) [38;5;241m-[39m[38;5;241m>[39m [38;5;28mbool[39m:
[0;32m---> 96[0m     [38;5;28;01mreturn[39;00m [38;5;28mlen[39m([38;5;28mself[39m) [38;5;241m<[39m[38;5;241m=[39m [38;5;28mlen[39m(other) [38;5;129;01mand[39;00m [38;5;28;43mall[39;49m[43m([49m[38;5;28;43mmap[39;49m[43m([49m[38;5;28;43missubclass[39;49m[43m,[49m[43m [49m[43mother[49m[43m,[49m[43m [49m[38;5;28;43mself[39;49m[43m)[49m[43m)[49m

File [0;32m~/mambaforge/envs/codeforecon/lib/python3.10/site-packages/multimethod/__init__.py:76[0m, in [0;36msubtype.__subclasscheck__[0;34m(self, subclass)[0m
[1;32m     71[0m [38;5;28;01mif[39;00m [38;5;28mself[39m[38;5;241m.[39m__origin__ [38;5;129;01mis[39;00m typing[38;5;241m.[39mUnion:
[1;32m     72[0m     [38;5;28;01mreturn[39;00m [38;5;28missubclass[39m(subclass, [38;5;28mself[39m[38;5;241m.[39m__args__)
[1;32m     73[0m [38;5;28;01mreturn[39;00m (  [38;5;66;03m# check args first to avoid a recursion error in ABCMeta[39;00m
[1;32m     74[0m     [38;5;28mlen[39m(args) [38;5;241m==[39m [38;5;28mlen[39m([38;5;28mself[39m[38;5;241m.[39m__args__)
[1;32m     75[0m     [38;5;129;01mand[39;00m [38;5;28missubclass[39m(origin, [38;5;28mself[39m[38;5;241m.[39m__origin__)
[0;32m---> 76[0m     [38;5;129;01mand[39;00m [38;5;28;43mall[39;49m[43m([49m[38;5;28;43mmap[39;49m[43m([49m[38;5;28;43missubclass[39;49m[43m,[49m[43m [49m[43margs[49m[43m,[49m[43m [49m[38;5;28;43mself[39;49m[38;5;241;43m.[39;49m[43m__args__[49m[43m)[49m[43m)[49m
[1;32m     77[0m )

[0;31mTypeError[0m: issubclass() arg 1 must be a class

