Traceback (most recent call last):
  File "/Users/aet/mambaforge/envs/codeforecon/lib/python3.10/site-packages/jupyter_cache/executors/utils.py", line 58, in single_nb_execution
    executenb(
  File "/Users/aet/mambaforge/envs/codeforecon/lib/python3.10/site-packages/nbclient/client.py", line 1305, in execute
    return NotebookClient(nb=nb, resources=resources, km=km, **kwargs).execute()
  File "/Users/aet/mambaforge/envs/codeforecon/lib/python3.10/site-packages/jupyter_core/utils/__init__.py", line 166, in wrapped
    return loop.run_until_complete(inner)
  File "/Users/aet/mambaforge/envs/codeforecon/lib/python3.10/asyncio/base_events.py", line 649, in run_until_complete
    return future.result()
  File "/Users/aet/mambaforge/envs/codeforecon/lib/python3.10/site-packages/nbclient/client.py", line 705, in async_execute
    await self.async_execute_cell(
  File "/Users/aet/mambaforge/envs/codeforecon/lib/python3.10/site-packages/nbclient/client.py", line 1058, in async_execute_cell
    await self._check_raise_for_error(cell, cell_index, exec_reply)
  File "/Users/aet/mambaforge/envs/codeforecon/lib/python3.10/site-packages/nbclient/client.py", line 914, in _check_raise_for_error
    raise CellExecutionError.from_cell_and_msg(cell, exec_reply_content)
nbclient.exceptions.CellExecutionError: An error occurred while executing the following cell:
------------------
import contextily as cx

west, south, east, north = (-0.030251, 51.499019, 0.002017, 51.509511)
cw_img, cw_ext = cx.bounds2img(
    west, south, east, north, ll=True, source=cx.providers.Stamen.Toner
)
------------------


[0;31m---------------------------------------------------------------------------[0m
[0;31mUnidentifiedImageError[0m                    Traceback (most recent call last)
Cell [0;32mIn[26], line 4[0m
[1;32m      1[0m [38;5;28;01mimport[39;00m [38;5;21;01mcontextily[39;00m [38;5;28;01mas[39;00m [38;5;21;01mcx[39;00m
[1;32m      3[0m west, south, east, north [38;5;241m=[39m ([38;5;241m-[39m[38;5;241m0.030251[39m, [38;5;241m51.499019[39m, [38;5;241m0.002017[39m, [38;5;241m51.509511[39m)
[0;32m----> 4[0m cw_img, cw_ext [38;5;241m=[39m [43mcx[49m[38;5;241;43m.[39;49m[43mbounds2img[49m[43m([49m
[1;32m      5[0m [43m    [49m[43mwest[49m[43m,[49m[43m [49m[43msouth[49m[43m,[49m[43m [49m[43meast[49m[43m,[49m[43m [49m[43mnorth[49m[43m,[49m[43m [49m[43mll[49m[38;5;241;43m=[39;49m[38;5;28;43;01mTrue[39;49;00m[43m,[49m[43m [49m[43msource[49m[38;5;241;43m=[39;49m[43mcx[49m[38;5;241;43m.[39;49m[43mproviders[49m[38;5;241;43m.[39;49m[43mStamen[49m[38;5;241;43m.[39;49m[43mToner[49m
[1;32m      6[0m [43m)[49m

File [0;32m~/mambaforge/envs/codeforecon/lib/python3.10/site-packages/contextily/tile.py:222[0m, in [0;36mbounds2img[0;34m(w, s, e, n, zoom, source, ll, wait, max_retries)[0m
[1;32m    220[0m x, y, z [38;5;241m=[39m t[38;5;241m.[39mx, t[38;5;241m.[39my, t[38;5;241m.[39mz
[1;32m    221[0m tile_url [38;5;241m=[39m provider[38;5;241m.[39mbuild_url(x[38;5;241m=[39mx, y[38;5;241m=[39my, z[38;5;241m=[39mz)
[0;32m--> 222[0m image [38;5;241m=[39m [43m_fetch_tile[49m[43m([49m[43mtile_url[49m[43m,[49m[43m [49m[43mwait[49m[43m,[49m[43m [49m[43mmax_retries[49m[43m)[49m
[1;32m    223[0m tiles[38;5;241m.[39mappend(t)
[1;32m    224[0m arrays[38;5;241m.[39mappend(image)

File [0;32m~/mambaforge/envs/codeforecon/lib/python3.10/site-packages/joblib/memory.py:655[0m, in [0;36mMemorizedFunc.__call__[0;34m(self, *args, **kwargs)[0m
[1;32m    654[0m [38;5;28;01mdef[39;00m [38;5;21m__call__[39m([38;5;28mself[39m, [38;5;241m*[39margs, [38;5;241m*[39m[38;5;241m*[39mkwargs):
[0;32m--> 655[0m     [38;5;28;01mreturn[39;00m [38;5;28;43mself[39;49m[38;5;241;43m.[39;49m[43m_cached_call[49m[43m([49m[43margs[49m[43m,[49m[43m [49m[43mkwargs[49m[43m)[49m[[38;5;241m0[39m]

File [0;32m~/mambaforge/envs/codeforecon/lib/python3.10/site-packages/joblib/memory.py:598[0m, in [0;36mMemorizedFunc._cached_call[0;34m(self, args, kwargs, shelving)[0m
[1;32m    595[0m     must_call [38;5;241m=[39m [38;5;28;01mTrue[39;00m
[1;32m    597[0m [38;5;28;01mif[39;00m must_call:
[0;32m--> 598[0m     out, metadata [38;5;241m=[39m [38;5;28;43mself[39;49m[38;5;241;43m.[39;49m[43mcall[49m[43m([49m[38;5;241;43m*[39;49m[43margs[49m[43m,[49m[43m [49m[38;5;241;43m*[39;49m[38;5;241;43m*[39;49m[43mkwargs[49m[43m)[49m
[1;32m    599[0m     [38;5;28;01mif[39;00m [38;5;28mself[39m[38;5;241m.[39mmmap_mode [38;5;129;01mis[39;00m [38;5;129;01mnot[39;00m [38;5;28;01mNone[39;00m:
[1;32m    600[0m         [38;5;66;03m# Memmap the output at the first call to be consistent with[39;00m
[1;32m    601[0m         [38;5;66;03m# later calls[39;00m
[1;32m    602[0m         [38;5;28;01mif[39;00m [38;5;28mself[39m[38;5;241m.[39m_verbose:

File [0;32m~/mambaforge/envs/codeforecon/lib/python3.10/site-packages/joblib/memory.py:856[0m, in [0;36mMemorizedFunc.call[0;34m(self, *args, **kwargs)[0m
[1;32m    854[0m [38;5;28;01mif[39;00m [38;5;28mself[39m[38;5;241m.[39m_verbose [38;5;241m>[39m [38;5;241m0[39m:
[1;32m    855[0m     [38;5;28mprint[39m(format_call([38;5;28mself[39m[38;5;241m.[39mfunc, args, kwargs))
[0;32m--> 856[0m output [38;5;241m=[39m [38;5;28;43mself[39;49m[38;5;241;43m.[39;49m[43mfunc[49m[43m([49m[38;5;241;43m*[39;49m[43margs[49m[43m,[49m[43m [49m[38;5;241;43m*[39;49m[38;5;241;43m*[39;49m[43mkwargs[49m[43m)[49m
[1;32m    857[0m [38;5;28mself[39m[38;5;241m.[39mstore_backend[38;5;241m.[39mdump_item(
[1;32m    858[0m     [func_id, args_id], output, verbose[38;5;241m=[39m[38;5;28mself[39m[38;5;241m.[39m_verbose)
[1;32m    860[0m duration [38;5;241m=[39m time[38;5;241m.[39mtime() [38;5;241m-[39m start_time

File [0;32m~/mambaforge/envs/codeforecon/lib/python3.10/site-packages/contextily/tile.py:254[0m, in [0;36m_fetch_tile[0;34m(tile_url, wait, max_retries)[0m
[1;32m    252[0m request [38;5;241m=[39m _retryer(tile_url, wait, max_retries)
[1;32m    253[0m [38;5;28;01mwith[39;00m io[38;5;241m.[39mBytesIO(request[38;5;241m.[39mcontent) [38;5;28;01mas[39;00m image_stream:
[0;32m--> 254[0m     image [38;5;241m=[39m [43mImage[49m[38;5;241;43m.[39;49m[43mopen[49m[43m([49m[43mimage_stream[49m[43m)[49m[38;5;241m.[39mconvert([38;5;124m"[39m[38;5;124mRGBA[39m[38;5;124m"[39m)
[1;32m    255[0m     array [38;5;241m=[39m np[38;5;241m.[39masarray(image)
[1;32m    256[0m     image[38;5;241m.[39mclose()

File [0;32m~/mambaforge/envs/codeforecon/lib/python3.10/site-packages/PIL/Image.py:3280[0m, in [0;36mopen[0;34m(fp, mode, formats)[0m
[1;32m   3278[0m     warnings[38;5;241m.[39mwarn(message)
[1;32m   3279[0m msg [38;5;241m=[39m [38;5;124m"[39m[38;5;124mcannot identify image file [39m[38;5;132;01m%r[39;00m[38;5;124m"[39m [38;5;241m%[39m (filename [38;5;28;01mif[39;00m filename [38;5;28;01melse[39;00m fp)
[0;32m-> 3280[0m [38;5;28;01mraise[39;00m UnidentifiedImageError(msg)

[0;31mUnidentifiedImageError[0m: cannot identify image file <_io.BytesIO object at 0x17ecbba60>

