Traceback (most recent call last):
  File "/Users/aet/mambaforge/envs/codeforecon/lib/python3.10/site-packages/jupyter_cache/executors/utils.py", line 58, in single_nb_execution
    executenb(
  File "/Users/aet/mambaforge/envs/codeforecon/lib/python3.10/site-packages/nbclient/client.py", line 1305, in execute
    return NotebookClient(nb=nb, resources=resources, km=km, **kwargs).execute()
  File "/Users/aet/mambaforge/envs/codeforecon/lib/python3.10/site-packages/jupyter_core/utils/__init__.py", line 162, in wrapped
    return loop.run_until_complete(inner)
  File "/Users/aet/mambaforge/envs/codeforecon/lib/python3.10/asyncio/base_events.py", line 649, in run_until_complete
    return future.result()
  File "/Users/aet/mambaforge/envs/codeforecon/lib/python3.10/site-packages/nbclient/client.py", line 705, in async_execute
    await self.async_execute_cell(
  File "/Users/aet/mambaforge/envs/codeforecon/lib/python3.10/site-packages/nbclient/client.py", line 1058, in async_execute_cell
    await self._check_raise_for_error(cell, cell_index, exec_reply)
  File "/Users/aet/mambaforge/envs/codeforecon/lib/python3.10/site-packages/nbclient/client.py", line 914, in _check_raise_for_error
    raise CellExecutionError.from_cell_and_msg(cell, exec_reply_content)
nbclient.exceptions.CellExecutionError: An error occurred while executing the following cell:
------------------
# This is a convencience and creates a dataframe of the form
# Vacancies_from	Unemployment_from	LabourForce_from	Year_from	Vacancies_to	Unemployment_to	LabourForce_to	Year_to
# 0	3.028239	4.741667	143768.916667	2001	2.387254	5.783333	144856.083333	2002
# 1	 2.387254	5.783333	144856.083333	2002	2.212237	5.991667	146499.500000	2003
# so that we have both years (from and to) in each row
path_df = (
    df.iloc[:-1]
    .reset_index(drop=True)
    .join(df.iloc[1:].reset_index(drop=True), lsuffix="_from", rsuffix="_to")
)

(
    ggplot(df, aes("Unemployment", "Vacancies"))
    + geom_curve(
        aes(
            x="Unemployment_from",
            y="Vacancies_from",
            xend="Unemployment_to",
            yend="Vacancies_to",
        ),
        data=path_df,
        size=1,
        color="gray",
        arrow=arrow(type="closed", length=15, angle=15),
        spacer=5+1 # Avoids arrowheads being sunk into points (+1 as circles are size 1)
    )
    + geom_point(shape=21, color="gray", fill="#c28dc3", size=5)
    + geom_text(
        aes(label="Year"),
        data=df[df["Year"].isin([2001, 2021])],
        position=position_nudge(y=0.3),
    )
    + labs(x="Unemployment rate, %", y="Vacancy rate, %")
)
------------------


[0;31m---------------------------------------------------------------------------[0m
[0;31mNameError[0m                                 Traceback (most recent call last)
Cell [0;32mIn[21], line 14[0m
[1;32m      1[0m [38;5;66;03m# This is a convencience and creates a dataframe of the form[39;00m
[1;32m      2[0m [38;5;66;03m# Vacancies_from	Unemployment_from	LabourForce_from	Year_from	Vacancies_to	Unemployment_to	LabourForce_to	Year_to[39;00m
[1;32m      3[0m [38;5;66;03m# 0	3.028239	4.741667	143768.916667	2001	2.387254	5.783333	144856.083333	2002[39;00m
[1;32m      4[0m [38;5;66;03m# 1	 2.387254	5.783333	144856.083333	2002	2.212237	5.991667	146499.500000	2003[39;00m
[1;32m      5[0m [38;5;66;03m# so that we have both years (from and to) in each row[39;00m
[1;32m      6[0m path_df [38;5;241m=[39m (
[1;32m      7[0m     df[38;5;241m.[39miloc[:[38;5;241m-[39m[38;5;241m1[39m]
[1;32m      8[0m     [38;5;241m.[39mreset_index(drop[38;5;241m=[39m[38;5;28;01mTrue[39;00m)
[1;32m      9[0m     [38;5;241m.[39mjoin(df[38;5;241m.[39miloc[[38;5;241m1[39m:][38;5;241m.[39mreset_index(drop[38;5;241m=[39m[38;5;28;01mTrue[39;00m), lsuffix[38;5;241m=[39m[38;5;124m"[39m[38;5;124m_from[39m[38;5;124m"[39m, rsuffix[38;5;241m=[39m[38;5;124m"[39m[38;5;124m_to[39m[38;5;124m"[39m)
[1;32m     10[0m )
[1;32m     12[0m (
[1;32m     13[0m     ggplot(df, aes([38;5;124m"[39m[38;5;124mUnemployment[39m[38;5;124m"[39m, [38;5;124m"[39m[38;5;124mVacancies[39m[38;5;124m"[39m))
[0;32m---> 14[0m     [38;5;241m+[39m [43mgeom_curve[49m(
[1;32m     15[0m         aes(
[1;32m     16[0m             x[38;5;241m=[39m[38;5;124m"[39m[38;5;124mUnemployment_from[39m[38;5;124m"[39m,
[1;32m     17[0m             y[38;5;241m=[39m[38;5;124m"[39m[38;5;124mVacancies_from[39m[38;5;124m"[39m,
[1;32m     18[0m             xend[38;5;241m=[39m[38;5;124m"[39m[38;5;124mUnemployment_to[39m[38;5;124m"[39m,
[1;32m     19[0m             yend[38;5;241m=[39m[38;5;124m"[39m[38;5;124mVacancies_to[39m[38;5;124m"[39m,
[1;32m     20[0m         ),
[1;32m     21[0m         data[38;5;241m=[39mpath_df,
[1;32m     22[0m         size[38;5;241m=[39m[38;5;241m1[39m,
[1;32m     23[0m         color[38;5;241m=[39m[38;5;124m"[39m[38;5;124mgray[39m[38;5;124m"[39m,
[1;32m     24[0m         arrow[38;5;241m=[39marrow([38;5;28mtype[39m[38;5;241m=[39m[38;5;124m"[39m[38;5;124mclosed[39m[38;5;124m"[39m, length[38;5;241m=[39m[38;5;241m15[39m, angle[38;5;241m=[39m[38;5;241m15[39m),
[1;32m     25[0m         spacer[38;5;241m=[39m[38;5;241m5[39m[38;5;241m+[39m[38;5;241m1[39m [38;5;66;03m# Avoids arrowheads being sunk into points (+1 as circles are size 1)[39;00m
[1;32m     26[0m     )
[1;32m     27[0m     [38;5;241m+[39m geom_point(shape[38;5;241m=[39m[38;5;241m21[39m, color[38;5;241m=[39m[38;5;124m"[39m[38;5;124mgray[39m[38;5;124m"[39m, fill[38;5;241m=[39m[38;5;124m"[39m[38;5;124m#c28dc3[39m[38;5;124m"[39m, size[38;5;241m=[39m[38;5;241m5[39m)
[1;32m     28[0m     [38;5;241m+[39m geom_text(
[1;32m     29[0m         aes(label[38;5;241m=[39m[38;5;124m"[39m[38;5;124mYear[39m[38;5;124m"[39m),
[1;32m     30[0m         data[38;5;241m=[39mdf[df[[38;5;124m"[39m[38;5;124mYear[39m[38;5;124m"[39m][38;5;241m.[39misin([[38;5;241m2001[39m, [38;5;241m2021[39m])],
[1;32m     31[0m         position[38;5;241m=[39mposition_nudge(y[38;5;241m=[39m[38;5;241m0.3[39m),
[1;32m     32[0m     )
[1;32m     33[0m     [38;5;241m+[39m labs(x[38;5;241m=[39m[38;5;124m"[39m[38;5;124mUnemployment rate, [39m[38;5;124m%[39m[38;5;124m"[39m, y[38;5;241m=[39m[38;5;124m"[39m[38;5;124mVacancy rate, [39m[38;5;124m%[39m[38;5;124m"[39m)
[1;32m     34[0m )

[0;31mNameError[0m: name 'geom_curve' is not defined

